Fecha: Sat May 17 2025 14:26:13 GMT-0300 (hora estándar de Argentina){}
 - Fecha: Sat May 17 2025 14:26:14 GMT-0300 (hora estándar de Argentina){}
 - Fecha: Sat May 17 2025 14:26:14 GMT-0300 (hora estándar de Argentina){}
 - Fecha: Sat May 17 2025 14:26:14 GMT-0300 (hora estándar de Argentina){}
 - Fecha: Sat May 17 2025 14:26:15 GMT-0300 (hora estándar de Argentina){}
 - Fecha: Sat May 17 2025 14:26:15 GMT-0300 (hora estándar de Argentina){}
 - Fecha: Sat May 17 2025 14:26:15 GMT-0300 (hora estándar de Argentina){}
 - Fecha: Sat May 17 2025 14:26:19 GMT-0300 (hora estándar de Argentina){}
 - Fecha: Sat May 17 2025 14:26:20 GMT-0300 (hora estándar de Argentina){}
 - Fecha: Sat May 17 2025 14:26:21 GMT-0300 (hora estándar de Argentina){}
 - Fecha: Sat May 17 2025 14:26:21 GMT-0300 (hora estándar de Argentina){}
 - Fecha: Sat May 17 2025 14:26:21 GMT-0300 (hora estándar de Argentina){}
 - Fecha: Sat May 17 2025 14:26:21 GMT-0300 (hora estándar de Argentina){}
 - Fecha: Sat May 17 2025 14:28:01 GMT-0300 (hora estándar de Argentina) - {}
 - Fecha: Sat May 17 2025 14:28:01 GMT-0300 (hora estándar de Argentina) - {}
 - Fecha: Sat May 17 2025 14:28:02 GMT-0300 (hora estándar de Argentina) - {}
 - Fecha: Sat May 17 2025 14:28:02 GMT-0300 (hora estándar de Argentina) - {}
 - Fecha: Sat May 17 2025 14:28:02 GMT-0300 (hora estándar de Argentina) - {}
 - Fecha: Sat May 17 2025 14:28:02 GMT-0300 (hora estándar de Argentina) - {}
 - Fecha: Sat May 17 2025 14:28:57 GMT-0300 (hora estándar de Argentina) - {"name":"Error","message":"Error en cantidad...!!! (metodo ASYNC)"}
 - Fecha: Sat May 17 2025 14:28:57 GMT-0300 (hora estándar de Argentina) - {"name":"Error","message":"Error en cantidad...!!! (metodo ASYNC)"}
 - Fecha: Sat May 17 2025 14:28:57 GMT-0300 (hora estándar de Argentina) - {"name":"Error","message":"Error en cantidad...!!! (metodo ASYNC)"}
 - Fecha: Sat May 17 2025 14:28:58 GMT-0300 (hora estándar de Argentina) - {"name":"Error","message":"Error en cantidad...!!! (metodo ASYNC)"}
 - Fecha: Sat May 17 2025 14:28:58 GMT-0300 (hora estándar de Argentina) - {"name":"Error","message":"Error en cantidad...!!! (metodo ASYNC)"}
 - Fecha: Sat May 17 2025 14:28:58 GMT-0300 (hora estándar de Argentina) - {"name":"Error","message":"Error en cantidad...!!! (metodo ASYNC)"}
 - Fecha: Sat May 17 2025 14:29:02 GMT-0300 (hora estándar de Argentina) - {"name":"Error","message":"Error en cantidad...!!!  (metodo sync)"}
 - Fecha: Sat May 17 2025 14:29:04 GMT-0300 (hora estándar de Argentina) - {"name":"Error","message":"Error en cantidad...!!!  (metodo sync)"}
 - Fecha: Sat May 17 2025 14:29:04 GMT-0300 (hora estándar de Argentina) - {"name":"Error","message":"Error en cantidad...!!!  (metodo sync)"}
 - Fecha: Sat May 17 2025 14:29:04 GMT-0300 (hora estándar de Argentina) - {"name":"Error","message":"Error en cantidad...!!!  (metodo sync)"}
 - Fecha: Sat May 17 2025 14:29:04 GMT-0300 (hora estándar de Argentina) - {"name":"Error","message":"Error en cantidad...!!!  (metodo sync)"}
 - Fecha: Sat May 17 2025 14:29:04 GMT-0300 (hora estándar de Argentina) - {"name":"Error","message":"Error en cantidad...!!!  (metodo sync)"}
 - Fecha: Sat May 17 2025 14:36:06 GMT-0300 (hora estándar de Argentina) - {"name":"Error datos","message":"Error en cantidad"}
 - Fecha: Sat May 17 2025 14:36:07 GMT-0300 (hora estándar de Argentina) - {"name":"Error datos","message":"Error en cantidad"}
 - Fecha: Sat May 17 2025 14:36:08 GMT-0300 (hora estándar de Argentina) - {"name":"Error datos","message":"Error en cantidad"}
 - Fecha: Sat May 17 2025 14:36:08 GMT-0300 (hora estándar de Argentina) - {"name":"Error datos","message":"Error en cantidad"}
 - Fecha: Sat May 17 2025 14:36:09 GMT-0300 (hora estándar de Argentina) - {"name":"Error datos","message":"Error en cantidad"}
 - Fecha: Sat May 17 2025 14:36:09 GMT-0300 (hora estándar de Argentina) - {"name":"Error datos","message":"Error en cantidad"}
 - Fecha: Sat May 17 2025 14:36:09 GMT-0300 (hora estándar de Argentina) - {"name":"Error datos","message":"Error en cantidad"}
 - Fecha: Sat May 17 2025 14:36:09 GMT-0300 (hora estándar de Argentina) - {"name":"Error datos","message":"Error en cantidad"}
 - Fecha: Sat May 17 2025 14:36:09 GMT-0300 (hora estándar de Argentina) - {"name":"Error datos","message":"Error en cantidad"}
 - Fecha: Sat May 17 2025 14:36:09 GMT-0300 (hora estándar de Argentina) - {"name":"Error datos","message":"Error en cantidad"}
 - Fecha: Sat May 17 2025 14:39:50 GMT-0300 (hora estándar de Argentina) - {"name":"Error datos","message":"Error en cantidad"}
 - Fecha: Sat May 17 2025 14:39:59 GMT-0300 (hora estándar de Argentina) - {"name":"Error","message":"Error en cantidad...!!!  (metodo sync)"}
 - Fecha: Sat May 17 2025 14:40:00 GMT-0300 (hora estándar de Argentina) - {"name":"Error","message":"Error en cantidad...!!!  (metodo sync)"}